mode: set
github.com/docker-secret-operator/dso/pkg/config/config.go:106.56,111.43 3 1
github.com/docker-secret-operator/dso/pkg/config/config.go:111.43,113.3 1 0
github.com/docker-secret-operator/dso/pkg/config/config.go:115.2,118.28 2 1
github.com/docker-secret-operator/dso/pkg/config/config.go:118.28,119.25 1 1
github.com/docker-secret-operator/dso/pkg/config/config.go:119.25,121.4 1 1
github.com/docker-secret-operator/dso/pkg/config/config.go:122.3,122.58 1 1
github.com/docker-secret-operator/dso/pkg/config/config.go:122.58,127.4 1 1
github.com/docker-secret-operator/dso/pkg/config/config.go:131.2,131.22 1 1
github.com/docker-secret-operator/dso/pkg/config/config.go:131.23,136.3 0 1
github.com/docker-secret-operator/dso/pkg/config/config.go:138.2,138.12 1 1
github.com/docker-secret-operator/dso/pkg/config/config.go:142.63,152.43 6 1
github.com/docker-secret-operator/dso/pkg/config/config.go:152.43,154.3 1 0
github.com/docker-secret-operator/dso/pkg/config/config.go:157.2,157.58 1 1
github.com/docker-secret-operator/dso/pkg/config/config.go:157.58,159.3 1 0
github.com/docker-secret-operator/dso/pkg/config/config.go:162.2,162.90 1 1
github.com/docker-secret-operator/dso/pkg/config/config.go:162.90,164.30 2 0
github.com/docker-secret-operator/dso/pkg/config/config.go:164.30,165.36 1 0
github.com/docker-secret-operator/dso/pkg/config/config.go:165.36,167.5 1 0
github.com/docker-secret-operator/dso/pkg/config/config.go:172.2,172.43 1 1
github.com/docker-secret-operator/dso/pkg/config/config.go:172.43,174.3 1 1
github.com/docker-secret-operator/dso/pkg/config/config.go:177.2,177.43 1 1
github.com/docker-secret-operator/dso/pkg/config/config.go:177.43,179.3 1 1
github.com/docker-secret-operator/dso/pkg/config/config.go:182.2,182.74 1 1
github.com/docker-secret-operator/dso/pkg/config/config.go:182.74,183.55 1 0
github.com/docker-secret-operator/dso/pkg/config/config.go:183.55,186.4 2 0
github.com/docker-secret-operator/dso/pkg/config/config.go:189.2,189.12 1 1
github.com/docker-secret-operator/dso/pkg/config/config.go:192.35,193.27 1 1
github.com/docker-secret-operator/dso/pkg/config/config.go:193.27,195.3 1 1
github.com/docker-secret-operator/dso/pkg/config/config.go:197.2,197.32 1 1
github.com/docker-secret-operator/dso/pkg/config/config.go:197.32,198.21 1 1
github.com/docker-secret-operator/dso/pkg/config/config.go:198.21,200.4 1 1
github.com/docker-secret-operator/dso/pkg/config/config.go:203.3,203.28 1 1
github.com/docker-secret-operator/dso/pkg/config/config.go:203.28,205.4 1 1
github.com/docker-secret-operator/dso/pkg/config/config.go:206.3,206.28 1 1
github.com/docker-secret-operator/dso/pkg/config/config.go:206.28,208.4 1 0
github.com/docker-secret-operator/dso/pkg/config/config.go:210.3,210.28 1 1
github.com/docker-secret-operator/dso/pkg/config/config.go:210.28,212.4 1 1
github.com/docker-secret-operator/dso/pkg/config/config.go:213.3,213.57 1 1
github.com/docker-secret-operator/dso/pkg/config/config.go:213.57,215.4 1 1
github.com/docker-secret-operator/dso/pkg/config/config.go:217.3,217.26 1 1
github.com/docker-secret-operator/dso/pkg/config/config.go:217.26,219.4 1 1
github.com/docker-secret-operator/dso/pkg/config/config.go:220.3,220.26 1 1
github.com/docker-secret-operator/dso/pkg/config/config.go:220.26,222.4 1 1
github.com/docker-secret-operator/dso/pkg/config/config.go:225.3,225.59 1 1
github.com/docker-secret-operator/dso/pkg/config/config.go:225.59,227.4 1 1
github.com/docker-secret-operator/dso/pkg/config/config.go:228.3,228.34 1 1
github.com/docker-secret-operator/dso/pkg/config/config.go:228.34,230.4 1 1
github.com/docker-secret-operator/dso/pkg/config/config.go:231.3,231.34 1 1
github.com/docker-secret-operator/dso/pkg/config/config.go:231.34,233.4 1 1
github.com/docker-secret-operator/dso/pkg/config/config.go:236.3,236.21 1 1
github.com/docker-secret-operator/dso/pkg/config/config.go:239.2,239.12 1 1
github.com/docker-secret-operator/dso/pkg/config/config.go:243.59,256.40 4 1
github.com/docker-secret-operator/dso/pkg/config/config.go:256.40,257.32 1 1
github.com/docker-secret-operator/dso/pkg/config/config.go:257.32,259.9 2 1
github.com/docker-secret-operator/dso/pkg/config/config.go:264.2,264.61 1 1
github.com/docker-secret-operator/dso/pkg/config/config.go:264.61,266.3 1 1
github.com/docker-secret-operator/dso/pkg/config/config.go:269.2,269.19 1 1
github.com/docker-secret-operator/dso/pkg/config/config.go:269.19,270.48 1 1
github.com/docker-secret-operator/dso/pkg/config/config.go:270.48,272.4 1 0
github.com/docker-secret-operator/dso/pkg/config/config.go:273.3,273.20 1 1
github.com/docker-secret-operator/dso/pkg/config/config.go:276.2,277.16 2 1
github.com/docker-secret-operator/dso/pkg/config/config.go:277.16,279.3 1 0
github.com/docker-secret-operator/dso/pkg/config/config.go:280.2,281.27 2 1
github.com/docker-secret-operator/dso/pkg/config/config.go:281.27,283.3 1 1
github.com/docker-secret-operator/dso/pkg/config/config.go:283.8,285.3 1 1
github.com/docker-secret-operator/dso/pkg/config/config.go:286.2,287.16 2 1
github.com/docker-secret-operator/dso/pkg/config/config.go:287.16,289.3 1 0
github.com/docker-secret-operator/dso/pkg/config/config.go:292.2,293.90 2 1
github.com/docker-secret-operator/dso/pkg/config/config.go:293.90,295.3 1 1
github.com/docker-secret-operator/dso/pkg/config/config.go:297.2,297.21 1 1
github.com/docker-secret-operator/dso/pkg/config/config.go:300.43,302.16 2 1
github.com/docker-secret-operator/dso/pkg/config/config.go:302.16,304.3 1 0
github.com/docker-secret-operator/dso/pkg/config/config.go:305.2,306.16 2 1
github.com/docker-secret-operator/dso/pkg/config/config.go:306.16,308.3 1 0
github.com/docker-secret-operator/dso/pkg/config/config.go:309.2,310.94 2 1
github.com/docker-secret-operator/dso/pkg/config/config.go:313.50,314.19 1 1
github.com/docker-secret-operator/dso/pkg/config/config.go:314.19,316.3 1 0
github.com/docker-secret-operator/dso/pkg/config/config.go:319.2,320.16 2 1
github.com/docker-secret-operator/dso/pkg/config/config.go:320.16,322.3 1 1
github.com/docker-secret-operator/dso/pkg/config/config.go:324.2,325.16 2 1
github.com/docker-secret-operator/dso/pkg/config/config.go:325.16,327.3 1 1
github.com/docker-secret-operator/dso/pkg/config/config.go:329.2,330.51 2 1
github.com/docker-secret-operator/dso/pkg/config/config.go:330.51,332.3 1 1
github.com/docker-secret-operator/dso/pkg/config/config.go:334.2,334.39 1 1
github.com/docker-secret-operator/dso/pkg/config/config.go:334.39,336.3 1 1
github.com/docker-secret-operator/dso/pkg/config/config.go:338.2,338.18 1 1
