mode: set
github.com/docker-secret-operator/dso/pkg/vault/crypto.go:24.54,26.2 1 1
github.com/docker-secret-operator/dso/pkg/vault/crypto.go:30.66,32.58 2 1
github.com/docker-secret-operator/dso/pkg/vault/crypto.go:32.58,34.3 1 0
github.com/docker-secret-operator/dso/pkg/vault/crypto.go:36.2,39.16 3 1
github.com/docker-secret-operator/dso/pkg/vault/crypto.go:39.16,41.3 1 0
github.com/docker-secret-operator/dso/pkg/vault/crypto.go:43.2,44.16 2 1
github.com/docker-secret-operator/dso/pkg/vault/crypto.go:44.16,46.3 1 0
github.com/docker-secret-operator/dso/pkg/vault/crypto.go:48.2,49.59 2 1
github.com/docker-secret-operator/dso/pkg/vault/crypto.go:49.59,51.3 1 0
github.com/docker-secret-operator/dso/pkg/vault/crypto.go:53.2,61.17 6 1
github.com/docker-secret-operator/dso/pkg/vault/crypto.go:65.61,66.36 1 1
github.com/docker-secret-operator/dso/pkg/vault/crypto.go:66.36,68.3 1 1
github.com/docker-secret-operator/dso/pkg/vault/crypto.go:70.2,77.16 6 1
github.com/docker-secret-operator/dso/pkg/vault/crypto.go:77.16,79.3 1 0
github.com/docker-secret-operator/dso/pkg/vault/crypto.go:81.2,82.16 2 1
github.com/docker-secret-operator/dso/pkg/vault/crypto.go:82.16,84.3 1 0
github.com/docker-secret-operator/dso/pkg/vault/crypto.go:86.2,87.16 2 1
github.com/docker-secret-operator/dso/pkg/vault/crypto.go:87.16,89.3 1 1
github.com/docker-secret-operator/dso/pkg/vault/crypto.go:91.2,91.23 1 1
github.com/docker-secret-operator/dso/pkg/vault/vault.go:36.36,38.16 2 1
github.com/docker-secret-operator/dso/pkg/vault/vault.go:38.16,40.3 1 0
github.com/docker-secret-operator/dso/pkg/vault/vault.go:41.2,41.41 1 1
github.com/docker-secret-operator/dso/pkg/vault/vault.go:45.37,46.51 1 1
github.com/docker-secret-operator/dso/pkg/vault/vault.go:46.51,48.3 1 0
github.com/docker-secret-operator/dso/pkg/vault/vault.go:50.2,51.16 2 1
github.com/docker-secret-operator/dso/pkg/vault/vault.go:51.16,53.3 1 0
github.com/docker-secret-operator/dso/pkg/vault/vault.go:54.2,57.16 3 1
github.com/docker-secret-operator/dso/pkg/vault/vault.go:57.16,58.37 1 1
github.com/docker-secret-operator/dso/pkg/vault/vault.go:58.37,60.4 1 1
github.com/docker-secret-operator/dso/pkg/vault/vault.go:61.3,61.62 1 0
github.com/docker-secret-operator/dso/pkg/vault/vault.go:64.2,64.48 1 1
github.com/docker-secret-operator/dso/pkg/vault/vault.go:64.48,66.3 1 0
github.com/docker-secret-operator/dso/pkg/vault/vault.go:67.2,67.45 1 1
github.com/docker-secret-operator/dso/pkg/vault/vault.go:70.42,72.40 2 1
github.com/docker-secret-operator/dso/pkg/vault/vault.go:72.40,74.3 1 0
github.com/docker-secret-operator/dso/pkg/vault/vault.go:75.2,75.35 1 1
github.com/docker-secret-operator/dso/pkg/vault/vault.go:79.26,81.16 2 1
github.com/docker-secret-operator/dso/pkg/vault/vault.go:81.16,83.3 1 0
github.com/docker-secret-operator/dso/pkg/vault/vault.go:85.2,85.47 1 1
github.com/docker-secret-operator/dso/pkg/vault/vault.go:85.47,87.3 1 1
github.com/docker-secret-operator/dso/pkg/vault/vault.go:89.2,90.64 2 1
github.com/docker-secret-operator/dso/pkg/vault/vault.go:90.64,92.17 2 1
github.com/docker-secret-operator/dso/pkg/vault/vault.go:92.17,94.4 1 0
github.com/docker-secret-operator/dso/pkg/vault/vault.go:95.3,95.71 1 1
github.com/docker-secret-operator/dso/pkg/vault/vault.go:95.71,97.4 1 0
github.com/docker-secret-operator/dso/pkg/vault/vault.go:100.2,101.66 2 1
github.com/docker-secret-operator/dso/pkg/vault/vault.go:101.66,111.17 3 1
github.com/docker-secret-operator/dso/pkg/vault/vault.go:111.17,113.4 1 0
github.com/docker-secret-operator/dso/pkg/vault/vault.go:114.3,115.18 2 1
github.com/docker-secret-operator/dso/pkg/vault/vault.go:118.2,118.12 1 0
github.com/docker-secret-operator/dso/pkg/vault/vault.go:122.36,124.16 2 1
github.com/docker-secret-operator/dso/pkg/vault/vault.go:124.16,126.3 1 0
github.com/docker-secret-operator/dso/pkg/vault/vault.go:127.2,130.16 3 1
github.com/docker-secret-operator/dso/pkg/vault/vault.go:130.16,132.3 1 1
github.com/docker-secret-operator/dso/pkg/vault/vault.go:134.2,135.16 2 1
github.com/docker-secret-operator/dso/pkg/vault/vault.go:135.16,137.3 1 0
github.com/docker-secret-operator/dso/pkg/vault/vault.go:139.2,140.16 2 1
github.com/docker-secret-operator/dso/pkg/vault/vault.go:140.16,142.3 1 1
github.com/docker-secret-operator/dso/pkg/vault/vault.go:144.2,145.58 2 1
github.com/docker-secret-operator/dso/pkg/vault/vault.go:145.58,147.3 1 0
github.com/docker-secret-operator/dso/pkg/vault/vault.go:150.2,150.60 1 1
github.com/docker-secret-operator/dso/pkg/vault/vault.go:150.60,154.41 4 1
github.com/docker-secret-operator/dso/pkg/vault/vault.go:154.41,156.4 1 0
github.com/docker-secret-operator/dso/pkg/vault/vault.go:157.3,157.48 1 1
github.com/docker-secret-operator/dso/pkg/vault/vault.go:160.2,160.27 1 1
github.com/docker-secret-operator/dso/pkg/vault/vault.go:160.27,162.3 1 0
github.com/docker-secret-operator/dso/pkg/vault/vault.go:163.2,163.27 1 1
github.com/docker-secret-operator/dso/pkg/vault/vault.go:163.27,165.3 1 0
github.com/docker-secret-operator/dso/pkg/vault/vault.go:167.2,171.8 1 1
github.com/docker-secret-operator/dso/pkg/vault/vault.go:175.30,179.2 3 1
github.com/docker-secret-operator/dso/pkg/vault/vault.go:181.36,182.29 1 1
github.com/docker-secret-operator/dso/pkg/vault/vault.go:182.29,184.3 1 0
github.com/docker-secret-operator/dso/pkg/vault/vault.go:185.2,189.16 4 1
github.com/docker-secret-operator/dso/pkg/vault/vault.go:189.16,191.3 1 0
github.com/docker-secret-operator/dso/pkg/vault/vault.go:192.2,195.16 3 1
github.com/docker-secret-operator/dso/pkg/vault/vault.go:195.16,197.3 1 0
github.com/docker-secret-operator/dso/pkg/vault/vault.go:199.2,200.16 2 1
github.com/docker-secret-operator/dso/pkg/vault/vault.go:200.16,202.3 1 0
github.com/docker-secret-operator/dso/pkg/vault/vault.go:205.2,206.64 2 1
github.com/docker-secret-operator/dso/pkg/vault/vault.go:206.64,208.3 1 0
github.com/docker-secret-operator/dso/pkg/vault/vault.go:210.2,210.56 1 1
github.com/docker-secret-operator/dso/pkg/vault/vault.go:210.56,213.3 2 0
github.com/docker-secret-operator/dso/pkg/vault/vault.go:215.2,215.12 1 1
github.com/docker-secret-operator/dso/pkg/vault/vault.go:219.59,222.33 3 1
github.com/docker-secret-operator/dso/pkg/vault/vault.go:222.33,224.3 1 0
github.com/docker-secret-operator/dso/pkg/vault/vault.go:225.2,225.69 1 1
github.com/docker-secret-operator/dso/pkg/vault/vault.go:225.69,227.3 1 0
github.com/docker-secret-operator/dso/pkg/vault/vault.go:229.2,232.47 3 1
github.com/docker-secret-operator/dso/pkg/vault/vault.go:232.47,233.32 1 1
github.com/docker-secret-operator/dso/pkg/vault/vault.go:233.32,235.4 1 1
github.com/docker-secret-operator/dso/pkg/vault/vault.go:237.2,237.71 1 1
github.com/docker-secret-operator/dso/pkg/vault/vault.go:241.56,244.33 3 1
github.com/docker-secret-operator/dso/pkg/vault/vault.go:244.33,246.3 1 1
github.com/docker-secret-operator/dso/pkg/vault/vault.go:247.2,247.69 1 1
github.com/docker-secret-operator/dso/pkg/vault/vault.go:247.69,249.3 1 1
github.com/docker-secret-operator/dso/pkg/vault/vault.go:250.2,250.24 1 1
github.com/docker-secret-operator/dso/pkg/vault/vault.go:250.24,252.3 1 1
github.com/docker-secret-operator/dso/pkg/vault/vault.go:254.2,257.45 3 1
github.com/docker-secret-operator/dso/pkg/vault/vault.go:257.45,259.3 1 1
github.com/docker-secret-operator/dso/pkg/vault/vault.go:261.2,268.23 2 1
github.com/docker-secret-operator/dso/pkg/vault/vault.go:272.56,274.19 2 1
github.com/docker-secret-operator/dso/pkg/vault/vault.go:274.19,276.3 1 0
github.com/docker-secret-operator/dso/pkg/vault/vault.go:277.2,277.37 1 1
github.com/docker-secret-operator/dso/pkg/vault/vault.go:277.37,279.3 1 0
github.com/docker-secret-operator/dso/pkg/vault/vault.go:281.2,285.9 4 1
github.com/docker-secret-operator/dso/pkg/vault/vault.go:285.9,287.3 1 0
github.com/docker-secret-operator/dso/pkg/vault/vault.go:289.2,290.25 2 1
github.com/docker-secret-operator/dso/pkg/vault/vault.go:290.25,292.3 1 1
github.com/docker-secret-operator/dso/pkg/vault/vault.go:293.2,293.19 1 1
github.com/docker-secret-operator/dso/pkg/vault/vault.go:297.75,299.19 2 1
github.com/docker-secret-operator/dso/pkg/vault/vault.go:299.19,301.3 1 0
github.com/docker-secret-operator/dso/pkg/vault/vault.go:302.2,302.37 1 1
github.com/docker-secret-operator/dso/pkg/vault/vault.go:302.37,304.3 1 0
github.com/docker-secret-operator/dso/pkg/vault/vault.go:306.2,309.45 3 1
github.com/docker-secret-operator/dso/pkg/vault/vault.go:309.45,311.3 1 1
github.com/docker-secret-operator/dso/pkg/vault/vault.go:313.2,314.35 2 1
github.com/docker-secret-operator/dso/pkg/vault/vault.go:314.35,316.17 2 1
github.com/docker-secret-operator/dso/pkg/vault/vault.go:316.17,317.12 1 0
github.com/docker-secret-operator/dso/pkg/vault/vault.go:319.3,319.35 1 1
github.com/docker-secret-operator/dso/pkg/vault/vault.go:319.35,321.4 1 0
github.com/docker-secret-operator/dso/pkg/vault/vault.go:322.3,322.25 1 1
github.com/docker-secret-operator/dso/pkg/vault/vault.go:322.25,324.4 1 0
github.com/docker-secret-operator/dso/pkg/vault/vault.go:325.3,330.4 1 1
github.com/docker-secret-operator/dso/pkg/vault/vault.go:333.2,333.23 1 1
